INFO  | 2020-12-08 13:40:04 | [main] presentation.VehicleControllerTest (VehicleControllerTest.java:81) - [start] testSeatingCapacityValue()
INFO  | 2020-12-08 13:40:04 | [main] presentation.VehicleControllerTest (VehicleControllerTest.java:99) - [end] testSeatingCapacityValue()
INFO  | 2020-12-08 13:40:04 | [main] presentation.VehicleControllerTest (VehicleControllerTest.java:43) - [start] testModifyVehicleInvalidVehicleNo()
INFO  | 2020-12-08 13:40:04 | [main] presentation.VehicleControllerTest (VehicleControllerTest.java:50) - [end] testModifyVehicleInvalidVehicleNo()
INFO  | 2020-12-08 13:40:04 | [main] presentation.VehicleControllerTest (VehicleControllerTest.java:36) - [start] testDeleteVehicleValidVehicleNo()
INFO  | 2020-12-08 13:40:04 | [main] presentation.VehicleControllerTest (VehicleControllerTest.java:38) - [end] testDeleteVehicleValidVehicleNo()
INFO  | 2020-12-08 13:40:04 | [main] presentation.VehicleControllerTest (VehicleControllerTest.java:74) - [start] testModifyVehicleValidVehicleNo()
INFO  | 2020-12-08 13:40:04 | [main] presentation.VehicleControllerTest (VehicleControllerTest.java:76) - [end] testModifyVehicleValidVehicleNo()
INFO  | 2020-12-08 13:40:04 | [main] presentation.VehicleControllerTest (VehicleControllerTest.java:116) - [start] testModifyVehicleValidVehicleNo()
INFO  | 2020-12-08 13:40:04 | [main] presentation.VehicleControllerTest (VehicleControllerTest.java:118) - [end] testModifyVehicleValidVehicleNo()
INFO  | 2020-12-08 13:40:04 | [main] presentation.VehicleControllerTest (VehicleControllerTest.java:123) - [start] testModifyVehicleInvalidVehicleNo()
INFO  | 2020-12-08 13:40:04 | [main] presentation.VehicleControllerTest (VehicleControllerTest.java:130) - [end] testModifyVehicleInvalidVehicleNo()
INFO  | 2020-12-08 13:40:04 | [main] presentation.VehicleControllerTest (VehicleControllerTest.java:55) - [start] testModifyVehicleValidVehicleNo()
INFO  | 2020-12-08 13:40:04 | [main] presentation.VehicleControllerTest (VehicleControllerTest.java:57) - [end] testModifyVehicleValidVehicleNo()
INFO  | 2020-12-08 13:40:04 | [main] presentation.VehicleControllerTest (VehicleControllerTest.java:135) - [start] testModifyVehicleValidVehicleNo()
INFO  | 2020-12-08 13:40:04 | [main] presentation.VehicleControllerTest (VehicleControllerTest.java:137) - [end] testModifyVehicleValidVehicleNo()
INFO  | 2020-12-08 13:42:13 | [main] presentation.VehicleControllerTest (VehicleControllerTest.java:24) - [start] testDeleteVehicleInvalidVehicleNo()
INFO  | 2020-12-08 13:42:13 | [main] presentation.VehicleController (VehicleController.java:17) - vehicleNo: -1
ERROR | 2020-12-08 13:42:13 | [main] spi.SqlExceptionHelper (SqlExceptionHelper.java:142) - ERROR: relation "driver" does not exist
  Position: 825
INFO  | 2020-12-08 13:42:31 | [main] presentation.VehicleControllerTest (VehicleControllerTest.java:24) - [start] testDeleteVehicleInvalidVehicleNo()
INFO  | 2020-12-08 13:42:31 | [main] presentation.VehicleController (VehicleController.java:17) - vehicleNo: -1
ERROR | 2020-12-08 13:42:31 | [main] spi.SqlExceptionHelper (SqlExceptionHelper.java:142) - ERROR: relation "driver" does not exist
  Position: 825
INFO  | 2020-12-08 13:48:29 | [main] presentation.VehicleControllerTest (VehicleControllerTest.java:38) - [start] testDeleteVehicleValidVehicleNo()
INFO  | 2020-12-08 13:48:29 | [main] presentation.VehicleController (VehicleController.java:17) - vehicleNo: 1
ERROR | 2020-12-08 13:48:29 | [main] spi.SqlExceptionHelper (SqlExceptionHelper.java:142) - ERROR: relation "driver" does not exist
  Position: 825
INFO  | 2020-12-08 13:48:29 | [main] presentation.VehicleControllerTest (VehicleControllerTest.java:26) - [start] testDeleteVehicleInvalidVehicleNo()
INFO  | 2020-12-08 13:48:29 | [main] presentation.VehicleController (VehicleController.java:17) - vehicleNo: -1
INFO  | 2020-12-08 13:52:31 | [main] presentation.VehicleControllerTest (VehicleControllerTest.java:38) - [start] testDeleteVehicleValidVehicleNo()
INFO  | 2020-12-08 13:52:31 | [main] presentation.VehicleController (VehicleController.java:17) - vehicleNo: 1
ERROR | 2020-12-08 13:52:31 | [main] spi.SqlExceptionHelper (SqlExceptionHelper.java:142) - ERROR: relation "driver" does not exist
  Position: 513
INFO  | 2020-12-08 13:52:31 | [main] presentation.VehicleControllerTest (VehicleControllerTest.java:26) - [start] testDeleteVehicleInvalidVehicleNo()
INFO  | 2020-12-08 13:52:31 | [main] presentation.VehicleController (VehicleController.java:17) - vehicleNo: -1
ERROR | 2020-12-08 13:54:41 | [main] spi.SqlExceptionHelper (SqlExceptionHelper.java:142) - FATAL: password authentication failed for user "AutomatedTravelAgency"
INFO  | 2020-12-08 13:57:19 | [main] presentation.VehicleControllerTest (VehicleControllerTest.java:38) - [start] testDeleteVehicleValidVehicleNo()
INFO  | 2020-12-08 13:57:19 | [main] presentation.VehicleController (VehicleController.java:17) - vehicleNo: 1
ERROR | 2020-12-08 13:57:19 | [main] spi.SqlExceptionHelper (SqlExceptionHelper.java:142) - ERROR: relation "driver" does not exist
  Position: 513
INFO  | 2020-12-08 13:57:19 | [main] presentation.VehicleControllerTest (VehicleControllerTest.java:26) - [start] testDeleteVehicleInvalidVehicleNo()
INFO  | 2020-12-08 13:57:19 | [main] presentation.VehicleController (VehicleController.java:17) - vehicleNo: -1
INFO  | 2020-12-08 14:02:36 | [main] presentation.VehicleControllerTest (VehicleControllerTest.java:38) - [start] testDeleteVehicleValidVehicleNo()
INFO  | 2020-12-08 14:02:36 | [main] presentation.VehicleController (VehicleController.java:17) - vehicleNo: 1
ERROR | 2020-12-08 14:02:36 | [main] spi.SqlExceptionHelper (SqlExceptionHelper.java:142) - ERROR: column vehicleent0_.seating_capactity does not exist
  Hint: Perhaps you meant to reference the column "vehicleent0_.seating_capacity".
  Position: 137
INFO  | 2020-12-08 14:02:36 | [main] presentation.VehicleControllerTest (VehicleControllerTest.java:26) - [start] testDeleteVehicleInvalidVehicleNo()
INFO  | 2020-12-08 14:02:36 | [main] presentation.VehicleController (VehicleController.java:17) - vehicleNo: -1
INFO  | 2020-12-08 14:03:44 | [main] presentation.VehicleControllerTest (VehicleControllerTest.java:38) - [start] testDeleteVehicleValidVehicleNo()
INFO  | 2020-12-08 14:03:44 | [main] presentation.VehicleController (VehicleController.java:17) - vehicleNo: 1
ERROR | 2020-12-08 14:03:44 | [main] spi.SqlExceptionHelper (SqlExceptionHelper.java:142) - ERROR: operator does not exist: character varying = integer
  Hint: No operator matches the given name and argument types. You might need to add explicit type casts.
  Position: 610
INFO  | 2020-12-08 14:03:44 | [main] presentation.VehicleControllerTest (VehicleControllerTest.java:26) - [start] testDeleteVehicleInvalidVehicleNo()
INFO  | 2020-12-08 14:03:44 | [main] presentation.VehicleController (VehicleController.java:17) - vehicleNo: -1
